2025-04-25 19:54:28,991 - energy_consumption - INFO - Application starting
2025-04-25 19:54:29,259 - energy_consumption - INFO - Entering event loop
2025-04-25 19:54:33,364 - energy_consumption - INFO - Loading data from file: C:/Users/Hamdi/Desktop/ML PROJECT/consommation-quotidienne-brute.csv
2025-04-25 19:54:36,100 - energy_consumption - INFO - Filtered out 1464 rows with flag_ignore='oui'
2025-04-25 19:54:36,122 - energy_consumption - INFO - Data loaded successfully from file
2025-04-25 19:54:43,795 - energy_consumption - INFO - Validated date range: 2011-12-01 00:00:00+00:00 to 2024-12-31 23:59:59+00:00
2025-04-25 19:54:43,834 - energy_consumption - INFO - Validated date range: 2011-12-01 00:00:00+00:00 to 2024-12-31 23:59:59+00:00
2025-04-25 19:54:43,850 - energy_consumption - INFO - Validated date range: 2011-12-01 00:00:00+00:00 to 2024-12-31 23:59:59+00:00
2025-04-25 19:55:37,192 - energy_consumption - INFO - Validated date range: 2011-12-01 00:00:00+00:00 to 2024-12-31 23:59:59+00:00
2025-04-25 19:55:38,191 - energy_consumption - INFO - Created line plot for gas consumption
2025-04-25 19:55:59,334 - energy_consumption - INFO - Validated date range: 2011-12-01 00:00:00+00:00 to 2024-12-31 23:59:59+00:00
2025-04-25 19:56:00,296 - energy_consumption - INFO - Created line plot for gas consumption
2025-04-25 19:56:00,769 - energy_consumption - INFO - Added degree 1 approximation to the plot
2025-04-25 19:56:03,199 - energy_consumption - INFO - Validated date range: 2011-12-01 00:00:00+00:00 to 2024-12-31 23:59:59+00:00
2025-04-25 19:56:04,192 - energy_consumption - INFO - Created line plot for gas consumption
2025-04-25 19:56:04,685 - energy_consumption - INFO - Added degree 1 approximation to the plot
2025-04-25 19:56:05,401 - energy_consumption - INFO - Validated date range: 2011-12-01 00:00:00+00:00 to 2024-12-31 23:59:59+00:00
2025-04-25 19:56:06,299 - energy_consumption - INFO - Created line plot for gas consumption
2025-04-25 19:56:06,818 - energy_consumption - INFO - Added degree 1 approximation to the plot
2025-04-25 19:56:07,477 - energy_consumption - INFO - Validated date range: 2011-12-01 00:00:00+00:00 to 2024-12-31 23:59:59+00:00
2025-04-25 19:56:09,253 - energy_consumption - INFO - Created line plot for electricity consumption
2025-04-25 19:56:10,204 - energy_consumption - INFO - Added degree 1 approximation to the plot
2025-04-25 19:56:10,206 - energy_consumption - INFO - Validated date range: 2011-12-01 00:00:00+00:00 to 2024-12-31 23:59:59+00:00
2025-04-25 19:56:11,936 - energy_consumption - INFO - Created line plot for electricity consumption
2025-04-25 19:56:12,873 - energy_consumption - INFO - Added degree 1 approximation to the plot
2025-04-25 19:56:14,599 - energy_consumption - INFO - Validated date range: 2011-12-01 00:00:00+00:00 to 2024-12-31 23:59:59+00:00
2025-04-25 19:56:14,632 - energy_consumption - INFO - Validated date range: 2011-12-01 00:00:00+00:00 to 2024-12-31 23:59:59+00:00
2025-04-25 19:56:14,654 - energy_consumption - INFO - Validated date range: 2011-12-01 00:00:00+00:00 to 2024-12-31 23:59:59+00:00
2025-04-25 19:56:22,510 - energy_consumption - INFO - Validated date range: 2011-12-01 00:00:00+00:00 to 2024-12-31 23:59:59+00:00
2025-04-25 19:56:22,543 - energy_consumption - INFO - Validated date range: 2011-12-01 00:00:00+00:00 to 2024-12-31 23:59:59+00:00
2025-04-25 19:56:22,568 - energy_consumption - INFO - Validated date range: 2011-12-01 00:00:00+00:00 to 2024-12-31 23:59:59+00:00
2025-04-25 19:56:25,222 - energy_consumption - INFO - Validated date range: 2011-12-01 00:00:00+00:00 to 2024-12-31 23:59:59+00:00
2025-04-25 19:56:27,064 - energy_consumption - INFO - Created line plot for electricity consumption
2025-04-25 19:56:28,003 - energy_consumption - INFO - Added degree 1 approximation to the plot
2025-04-25 19:56:42,711 - energy_consumption - INFO - Validated date range: 2011-12-01 00:00:00+00:00 to 2024-12-31 23:59:59+00:00
2025-04-25 19:56:42,742 - energy_consumption - INFO - Validated date range: 2011-12-01 00:00:00+00:00 to 2024-12-31 23:59:59+00:00
2025-04-25 19:56:42,764 - energy_consumption - INFO - Validated date range: 2011-12-01 00:00:00+00:00 to 2024-12-31 23:59:59+00:00
2025-04-25 19:56:49,961 - energy_consumption - INFO - Loading data from file: C:/Users/Hamdi/Desktop/ML PROJECT/consommation-quotidienne-brute.csv
2025-04-25 19:56:52,744 - energy_consumption - INFO - Filtered out 1464 rows with flag_ignore='oui'
2025-04-25 19:56:52,767 - energy_consumption - INFO - Data loaded successfully from file
2025-04-25 19:56:56,404 - energy_consumption - INFO - Validated date range: 2011-12-01 00:00:00+00:00 to 2024-12-31 23:59:59+00:00
2025-04-25 19:56:57,308 - energy_consumption - INFO - Created line plot for gas consumption
2025-04-25 19:56:57,872 - energy_consumption - INFO - Added degree 1 approximation to the plot
2025-04-25 19:56:57,873 - energy_consumption - INFO - Validated date range: 2011-12-01 00:00:00+00:00 to 2024-12-31 23:59:59+00:00
2025-04-25 19:56:58,776 - energy_consumption - INFO - Created line plot for gas consumption
2025-04-25 19:56:59,237 - energy_consumption - INFO - Added degree 1 approximation to the plot
2025-04-25 19:57:01,168 - energy_consumption - INFO - Validated date range: 2011-12-01 00:00:00+00:00 to 2024-12-31 23:59:59+00:00
2025-04-25 19:57:03,097 - energy_consumption - INFO - Created line plot for electricity consumption
2025-04-25 19:57:03,999 - energy_consumption - INFO - Added degree 1 approximation to the plot
2025-04-25 19:57:04,000 - energy_consumption - INFO - Validated date range: 2011-12-01 00:00:00+00:00 to 2024-12-31 23:59:59+00:00
2025-04-25 19:57:05,813 - energy_consumption - INFO - Created line plot for electricity consumption
2025-04-25 19:57:06,715 - energy_consumption - INFO - Added degree 1 approximation to the plot
2025-04-25 19:57:12,086 - energy_consumption - INFO - Validated date range: 2011-12-01 00:00:00+00:00 to 2024-12-31 23:59:59+00:00
2025-04-25 19:57:13,881 - energy_consumption - INFO - Created line plot for electricity consumption
2025-04-25 19:57:14,890 - energy_consumption - INFO - Added degree 1 approximation to the plot
