2025-04-25 20:22:13,198 - energy_consumption - INFO - Application starting
2025-04-25 20:22:13,461 - energy_consumption - INFO - Entering event loop
2025-04-25 20:22:19,748 - energy_consumption - INFO - Loading data from file: C:/Users/Hamdi/Desktop/ML PROJECT/consommation-quotidienne-brute.csv
2025-04-25 20:22:22,522 - energy_consumption - INFO - Filtered out 1464 rows with flag_ignore='oui'
2025-04-25 20:22:22,551 - energy_consumption - INFO - Data loaded successfully from file
2025-04-25 20:22:27,194 - energy_consumption - INFO - Validated date range: 2016-12-01 00:00:00+00:00 to 2024-12-31 23:59:59+00:00
2025-04-25 20:24:18,614 - energy_consumption - INFO - Created bar plot for electricity consumption
2025-04-25 20:24:18,617 - energy_consumption - INFO - Validated date range: 2016-12-01 00:00:00+00:00 to 2024-12-31 23:59:59+00:00
2025-04-25 20:26:11,467 - energy_consumption - INFO - Created bar plot for electricity consumption
2025-04-25 20:31:21,015 - energy_consumption - INFO - Validated date range: 2016-12-01 00:00:00+00:00 to 2024-12-31 23:59:59+00:00
2025-04-25 20:31:22,113 - energy_consumption - INFO - Created line plot for electricity consumption
2025-04-25 20:31:22,115 - energy_consumption - INFO - Validated date range: 2016-12-01 00:00:00+00:00 to 2024-12-31 23:59:59+00:00
2025-04-25 20:31:23,028 - energy_consumption - INFO - Created line plot for electricity consumption
2025-04-25 20:31:34,322 - energy_consumption - INFO - Validated date range: 2016-12-01 00:00:00+00:00 to 2024-12-31 23:59:59+00:00
2025-04-25 20:31:35,242 - energy_consumption - INFO - Created line plot for electricity consumption
2025-04-25 20:31:35,724 - energy_consumption - INFO - Added degree 1 approximation to the plot
2025-04-25 20:31:38,885 - energy_consumption - INFO - Validated date range: 2016-12-01 00:00:00+00:00 to 2024-12-31 23:59:59+00:00
2025-04-25 20:31:43,689 - energy_consumption - INFO - Created line plot for electricity consumption
2025-04-25 20:31:44,262 - energy_consumption - INFO - Added degree 4 approximation to the plot
2025-04-25 20:31:44,270 - energy_consumption - INFO - Validated date range: 2016-12-01 00:00:00+00:00 to 2024-12-31 23:59:59+00:00
2025-04-25 20:31:45,334 - energy_consumption - INFO - Created line plot for electricity consumption
2025-04-25 20:31:45,875 - energy_consumption - INFO - Added degree 4 approximation to the plot
